NO_HAND:/private/var/folders/vb/xgtwnrm17mg2hptgz7mq9g9m0000gn/T/pytest-of-samuelabayzera/pytest-1/test_split_dirs_created0/raw/0/IMG_1219.JPG
NO_HAND:data/raw/digits/0/IMG_1219.JPG
NO_HAND:data/raw/digits/0/IMG_1322.JPG
NO_HAND:data/raw/digits/0/IMG_4149.JPG
NO_HAND:data/raw/digits/0/IMG_4170.JPG
NO_HAND:data/raw/digits/0/IMG_4413.JPG
NO_HAND:data/raw/digits/0/IMG_4554.JPG
NO_HAND:data/raw/digits/0/IMG_4543.JPG
NO_HAND:data/raw/digits/0/IMG_4574.JPG
NO_HAND:data/raw/digits/0/IMG_4564.JPG
NO_HAND:data/raw/digits/0/IMG_4594.JPG
NO_HAND:data/raw/digits/0/IMG_4604.JPG
NO_HAND:data/raw/digits/0/IMG_4584.JPG
NO_HAND:data/raw/digits/0/IMG_4614.JPG
NO_HAND:data/raw/digits/0/IMG_4674.JPG
NO_HAND:data/raw/digits/0/IMG_4624.JPG
NO_HAND:data/raw/digits/0/IMG_4704.JPG
NO_HAND:data/raw/digits/0/IMG_4715.JPG
NO_HAND:data/raw/digits/0/IMG_4694.JPG
NO_HAND:data/raw/digits/0/IMG_4745.JPG
NO_HAND:data/raw/digits/0/IMG_4776.JPG
NO_HAND:data/raw/digits/0/IMG_4876.JPG
NO_HAND:data/raw/digits/0/IMG_4886.JPG
NO_HAND:data/raw/digits/0/IMG_4896.JPG
NO_HAND:data/raw/digits/0/IMG_4966.JPG
NO_HAND:data/raw/digits/0/IMG_4976.JPG
NO_HAND:data/raw/digits/0/IMG_4996.JPG
NO_HAND:data/raw/digits/0/IMG_4986.JPG
NO_HAND:data/raw/digits/0/IMG_5223.JPG
NO_HAND:data/raw/digits/0/IMG_5203.JPG
NO_HAND:data/raw/digits/0/IMG_5213.JPG
NO_HAND:data/raw/digits/0/IMG_5234.JPG
NO_HAND:data/raw/digits/0/IMG_5244.JPG
NO_HAND:data/raw/digits/0/IMG_5266.JPG
NO_HAND:data/raw/digits/0/IMG_5308.JPG
NO_HAND:data/raw/digits/0/IMG_5360.JPG
NO_HAND:data/raw/digits/0/IMG_5446.JPG
NO_HAND:data/raw/digits/0/IMG_5456.JPG
NO_HAND:data/raw/digits/0/IMG_5476.JPG
NO_HAND:data/raw/digits/0/IMG_5507.JPG
NO_HAND:data/raw/digits/0/IMG_5562.JPG
NO_HAND:data/raw/digits/0/IMG_5537.JPG
NO_HAND:data/raw/digits/0/IMG_5603.JPG
NO_HAND:data/raw/digits/0/IMG_5625.JPG
NO_HAND:data/raw/digits/0/IMG_5736.JPG
NO_HAND:data/raw/digits/0/IMG_5726.JPG
NO_HAND:data/raw/digits/0/IMG_5796.JPG
NO_HAND:data/raw/digits/0/IMG_5847.JPG
NO_HAND:data/raw/digits/0/IMG_5857.JPG
NO_HAND:data/raw/digits/0/IMG_5907.JPG
NO_HAND:data/raw/digits/0/IMG_5960.JPG
NO_HAND:data/raw/digits/0/IMG_5971.JPG
NO_HAND:data/raw/digits/1/IMG_1230.JPG
NO_HAND:data/raw/digits/1/IMG_1250.JPG
NO_HAND:data/raw/digits/1/IMG_1291.JPG
NO_HAND:data/raw/digits/1/IMG_1313.JPG
NO_HAND:data/raw/digits/1/IMG_1323.JPG
NO_HAND:data/raw/digits/1/IMG_4140.JPG
NO_HAND:data/raw/digits/1/IMG_4234.JPG
NO_HAND:data/raw/digits/1/IMG_4287.JPG
NO_HAND:data/raw/digits/1/IMG_4339.JPG
NO_HAND:data/raw/digits/1/IMG_4424.JPG
NO_HAND:data/raw/digits/1/IMG_4414.JPG
NO_HAND:data/raw/digits/1/IMG_4437.JPG
NO_HAND:data/raw/digits/1/IMG_4487.JPG
NO_HAND:data/raw/digits/1/IMG_4555.JPG
NO_HAND:data/raw/digits/1/IMG_4565.JPG
NO_HAND:data/raw/digits/1/IMG_4544.JPG
NO_HAND:data/raw/digits/1/IMG_4585.JPG
NO_HAND:data/raw/digits/1/IMG_4625.JPG
NO_HAND:data/raw/digits/1/IMG_4635.JPG
NO_HAND:data/raw/digits/1/IMG_4675.JPG
NO_HAND:data/raw/digits/1/IMG_4716.JPG
NO_HAND:data/raw/digits/1/IMG_4827.JPG
NO_HAND:data/raw/digits/1/IMG_4806.JPG
NO_HAND:data/raw/digits/1/IMG_4877.JPG
NO_HAND:data/raw/digits/1/IMG_4887.JPG
NO_HAND:data/raw/digits/1/IMG_4947.JPG
NO_HAND:data/raw/digits/1/IMG_4977.JPG
NO_HAND:data/raw/digits/1/IMG_5029.JPG
NO_HAND:data/raw/digits/1/IMG_5064.JPG
NO_HAND:data/raw/digits/1/IMG_5075.JPG
NO_HAND:data/raw/digits/1/IMG_5194.JPG
NO_HAND:data/raw/digits/1/IMG_5224.JPG
NO_HAND:data/raw/digits/1/IMG_5235.JPG
NO_HAND:data/raw/digits/1/IMG_5371.JPG
NO_HAND:data/raw/digits/1/IMG_5361.JPG
NO_HAND:data/raw/digits/1/IMG_5391.JPG
NO_HAND:data/raw/digits/1/IMG_5413.JPG
NO_HAND:data/raw/digits/1/IMG_5457.JPG
NO_HAND:data/raw/digits/1/IMG_5477.JPG
NO_HAND:data/raw/digits/1/IMG_5508.JPG
NO_HAND:data/raw/digits/1/IMG_5549.JPG
NO_HAND:data/raw/digits/1/IMG_5563.JPG
NO_HAND:data/raw/digits/1/IMG_5626.JPG
NO_HAND:data/raw/digits/1/IMG_5727.JPG
NO_HAND:data/raw/digits/1/IMG_5757.JPG
NO_HAND:data/raw/digits/1/IMG_5838.JPG
NO_HAND:data/raw/digits/1/IMG_5858.JPG
NO_HAND:data/raw/digits/1/IMG_5951.JPG
NO_HAND:data/raw/digits/1/IMG_5992.JPG
NO_HAND:data/raw/digits/2/IMG_1211.JPG
NO_HAND:data/raw/digits/2/IMG_1262.JPG
NO_HAND:data/raw/digits/2/IMG_1251.JPG
NO_HAND:data/raw/digits/2/IMG_1272.JPG
NO_HAND:data/raw/digits/2/IMG_1292.JPG
NO_HAND:data/raw/digits/2/IMG_1314.JPG
NO_HAND:data/raw/digits/2/IMG_1303.JPG
NO_HAND:data/raw/digits/2/IMG_4042.JPG
NO_HAND:data/raw/digits/2/IMG_4051.JPG
NO_HAND:data/raw/digits/2/IMG_4101.JPG
NO_HAND:data/raw/digits/2/IMG_4141.JPG
NO_HAND:data/raw/digits/2/IMG_4151.JPG
NO_HAND:data/raw/digits/2/IMG_4183.JPG
NO_HAND:data/raw/digits/2/IMG_4195.JPG
NO_HAND:data/raw/digits/2/IMG_4215.JPG
NO_HAND:data/raw/digits/2/IMG_4235.JPG
NO_HAND:data/raw/digits/2/IMG_4298.JPG
NO_HAND:data/raw/digits/2/IMG_4340.JPG
NO_HAND:data/raw/digits/2/IMG_4393.JPG
NO_HAND:data/raw/digits/2/IMG_4405.JPG
NO_HAND:data/raw/digits/2/IMG_4425.JPG
NO_HAND:data/raw/digits/2/IMG_4438.JPG
NO_HAND:data/raw/digits/2/IMG_4478.JPG
NO_HAND:data/raw/digits/2/IMG_4556.JPG
NO_HAND:data/raw/digits/2/IMG_4576.JPG
NO_HAND:data/raw/digits/2/IMG_4586.JPG
NO_HAND:data/raw/digits/2/IMG_4566.JPG
NO_HAND:data/raw/digits/2/IMG_4606.JPG
NO_HAND:data/raw/digits/2/IMG_4636.JPG
NO_HAND:data/raw/digits/2/IMG_4676.JPG
NO_HAND:data/raw/digits/2/IMG_4717.JPG
NO_HAND:data/raw/digits/2/IMG_4737.JPG
NO_HAND:data/raw/digits/2/IMG_4808.JPG
NO_HAND:data/raw/digits/2/IMG_4838.JPG
NO_HAND:data/raw/digits/2/IMG_4858.JPG
NO_HAND:data/raw/digits/2/IMG_4888.JPG
NO_HAND:data/raw/digits/2/IMG_4878.JPG
NO_HAND:data/raw/digits/2/IMG_4918.JPG
NO_HAND:data/raw/digits/2/IMG_4938.JPG
NO_HAND:data/raw/digits/2/IMG_4948.JPG
NO_HAND:data/raw/digits/2/IMG_4978.JPG
NO_HAND:data/raw/digits/2/IMG_4988.JPG
NO_HAND:data/raw/digits/2/IMG_5045.JPG
NO_HAND:data/raw/digits/2/IMG_5065.JPG
NO_HAND:data/raw/digits/2/IMG_5103.JPG
NO_HAND:data/raw/digits/2/IMG_5144.JPG
NO_HAND:data/raw/digits/2/IMG_5174.JPG
NO_HAND:data/raw/digits/2/IMG_5236.JPG
NO_HAND:data/raw/digits/2/IMG_5320.JPG
NO_HAND:data/raw/digits/2/IMG_5362.JPG
NO_HAND:data/raw/digits/2/IMG_5372.JPG
NO_HAND:data/raw/digits/2/IMG_5392.JPG
NO_HAND:data/raw/digits/2/IMG_5448.JPG
NO_HAND:data/raw/digits/2/IMG_5458.JPG
NO_HAND:data/raw/digits/2/IMG_5488.JPG
NO_HAND:data/raw/digits/2/IMG_5478.JPG
NO_HAND:data/raw/digits/2/IMG_5574.JPG
NO_HAND:data/raw/digits/2/IMG_5554.JPG
NO_HAND:data/raw/digits/2/IMG_5637.JPG
NO_HAND:data/raw/digits/2/IMG_5627.JPG
NO_HAND:data/raw/digits/2/IMG_5647.JPG
NO_HAND:data/raw/digits/2/IMG_5605.JPG
NO_HAND:data/raw/digits/2/IMG_5697.JPG
NO_HAND:data/raw/digits/2/IMG_5728.JPG
NO_HAND:data/raw/digits/2/IMG_5748.JPG
NO_HAND:data/raw/digits/2/IMG_5738.JPG
NO_HAND:data/raw/digits/2/IMG_5758.JPG
NO_HAND:data/raw/digits/2/IMG_5839.JPG
NO_HAND:data/raw/digits/2/IMG_5818.JPG
NO_HAND:data/raw/digits/2/IMG_5859.JPG
NO_HAND:data/raw/digits/2/IMG_5920.JPG
NO_HAND:data/raw/digits/2/IMG_5952.JPG
NO_HAND:data/raw/digits/2/IMG_5993.JPG
NO_HAND:data/raw/digits/3/IMG_1253.JPG
NO_HAND:data/raw/digits/3/IMG_1305.JPG
NO_HAND:data/raw/digits/3/IMG_4587.JPG
NO_HAND:data/raw/digits/3/IMG_4718.JPG
NO_HAND:data/raw/digits/3/IMG_4889.JPG
NO_HAND:data/raw/digits/3/IMG_4899.JPG
NO_HAND:data/raw/digits/3/IMG_5108.JPG
NO_HAND:data/raw/digits/4/IMG_1264.JPG
NO_HAND:data/raw/digits/4/IMG_1295.JPG
NO_HAND:data/raw/digits/4/IMG_1306.JPG
NO_HAND:data/raw/digits/4/IMG_4044.JPG
NO_HAND:data/raw/digits/4/IMG_4568.JPG
NO_HAND:data/raw/digits/4/IMG_4598.JPG
NO_HAND:data/raw/digits/4/IMG_4668.JPG
NO_HAND:data/raw/digits/4/IMG_4739.JPG
NO_HAND:data/raw/digits/4/IMG_4729.JPG
NO_HAND:data/raw/digits/4/IMG_4970.JPG
NO_HAND:data/raw/digits/4/IMG_4960.JPG
NO_HAND:data/raw/digits/4/IMG_5105.JPG
NO_HAND:data/raw/digits/4/IMG_5146.JPG
NO_HAND:data/raw/digits/4/IMG_5227.JPG
NO_HAND:data/raw/digits/4/IMG_5238.JPG
NO_HAND:data/raw/digits/4/IMG_5280.JPG
NO_HAND:data/raw/digits/4/IMG_5450.JPG
NO_HAND:data/raw/digits/4/IMG_5480.JPG
NO_HAND:data/raw/digits/4/IMG_5608.JPG
NO_HAND:data/raw/digits/4/IMG_5770.JPG
NO_HAND:data/raw/digits/4/IMG_5851.JPG
NO_HAND:data/raw/digits/4/IMG_5841.JPG
NO_HAND:data/raw/digits/4/IMG_5861.JPG
NO_HAND:data/raw/digits/4/IMG_5881.JPG
NO_HAND:data/raw/digits/4/IMG_5891.JPG
NO_HAND:data/raw/digits/4/IMG_5954.JPG
NO_HAND:data/raw/digits/4/IMG_5964.JPG
NO_HAND:data/raw/digits/6/IMG_1225.JPG
NO_HAND:data/raw/digits/6/IMG_1235.JPG
NO_HAND:data/raw/digits/6/IMG_1276.JPG
NO_HAND:data/raw/digits/6/IMG_1256.JPG
NO_HAND:data/raw/digits/6/IMG_1286.JPG
NO_HAND:data/raw/digits/6/IMG_1308.JPG
NO_HAND:data/raw/digits/6/IMG_1297.JPG
NO_HAND:data/raw/digits/6/IMG_1318.JPG
NO_HAND:data/raw/digits/6/IMG_1328.JPG
NO_HAND:data/raw/digits/6/IMG_4115.JPG
NO_HAND:data/raw/digits/6/IMG_4145.JPG
NO_HAND:data/raw/digits/6/IMG_4239.JPG
NO_HAND:data/raw/digits/6/IMG_4409.JPG
NO_HAND:data/raw/digits/6/IMG_4482.JPG
NO_HAND:data/raw/digits/6/IMG_4502.JPG
NO_HAND:data/raw/digits/6/IMG_4550.JPG
NO_HAND:data/raw/digits/6/IMG_4570.JPG
NO_HAND:data/raw/digits/6/IMG_4560.JPG
NO_HAND:data/raw/digits/6/IMG_4640.JPG
NO_HAND:data/raw/digits/6/IMG_4670.JPG
NO_HAND:data/raw/digits/6/IMG_4650.JPG
NO_HAND:data/raw/digits/6/IMG_4741.JPG
NO_HAND:data/raw/digits/6/IMG_4822.JPG
NO_HAND:data/raw/digits/6/IMG_4812.JPG
NO_HAND:data/raw/digits/6/IMG_4882.JPG
NO_HAND:data/raw/digits/6/IMG_4892.JPG
NO_HAND:data/raw/digits/6/IMG_4962.JPG
NO_HAND:data/raw/digits/6/IMG_4982.JPG
NO_HAND:data/raw/digits/6/IMG_5069.JPG
NO_HAND:data/raw/digits/6/IMG_5138.JPG
NO_HAND:data/raw/digits/6/IMG_5169.JPG
NO_HAND:data/raw/digits/6/IMG_5179.JPG
NO_HAND:data/raw/digits/6/IMG_5189.JPG
NO_HAND:data/raw/digits/6/IMG_5240.JPG
NO_HAND:data/raw/digits/6/IMG_5229.JPG
NO_HAND:data/raw/digits/6/IMG_5356.JPG
NO_HAND:data/raw/digits/6/IMG_5523.JPG
NO_HAND:data/raw/digits/6/IMG_5533.JPG
NO_HAND:data/raw/digits/6/IMG_5711.JPG
NO_HAND:data/raw/digits/6/IMG_5742.JPG
NO_HAND:data/raw/digits/6/IMG_5752.JPG
NO_HAND:data/raw/digits/6/IMG_5772.JPG
NO_HAND:data/raw/digits/6/IMG_5822.JPG
NO_HAND:data/raw/digits/6/IMG_5843.JPG
NO_HAND:data/raw/digits/6/IMG_5883.JPG
NO_HAND:data/raw/digits/6/IMG_5853.JPG
NO_HAND:data/raw/digits/6/IMG_5863.JPG
NO_HAND:data/raw/digits/6/IMG_5956.JPG
NO_HAND:data/raw/digits/7/IMG_1186.JPG
NO_HAND:data/raw/digits/7/IMG_1277.JPG
NO_HAND:data/raw/digits/7/IMG_1267.JPG
NO_HAND:data/raw/digits/7/IMG_1298.JPG
NO_HAND:data/raw/digits/7/IMG_1309.JPG
NO_HAND:data/raw/digits/7/IMG_4240.JPG
NO_HAND:data/raw/digits/7/IMG_4410.JPG
NO_HAND:data/raw/digits/7/IMG_4463.JPG
NO_HAND:data/raw/digits/7/IMG_4483.JPG
NO_HAND:data/raw/digits/7/IMG_4540.JPG
NO_HAND:data/raw/digits/7/IMG_4551.JPG
NO_HAND:data/raw/digits/7/IMG_4503.JPG
NO_HAND:data/raw/digits/7/IMG_4671.JPG
NO_HAND:data/raw/digits/7/IMG_4641.JPG
NO_HAND:data/raw/digits/7/IMG_4701.JPG
NO_HAND:data/raw/digits/7/IMG_4742.JPG
NO_HAND:data/raw/digits/7/IMG_4813.JPG
NO_HAND:data/raw/digits/7/IMG_4823.JPG
NO_HAND:data/raw/digits/7/IMG_4883.JPG
NO_HAND:data/raw/digits/7/IMG_4863.JPG
NO_HAND:data/raw/digits/7/IMG_4893.JPG
NO_HAND:data/raw/digits/7/IMG_4963.JPG
NO_HAND:data/raw/digits/7/IMG_4983.JPG
NO_HAND:data/raw/digits/7/IMG_5050.JPG
NO_HAND:data/raw/digits/7/IMG_5139.JPG
NO_HAND:data/raw/digits/7/IMG_5149.JPG
NO_HAND:data/raw/digits/7/IMG_5170.JPG
NO_HAND:data/raw/digits/7/IMG_5180.JPG
NO_HAND:data/raw/digits/7/IMG_5230.JPG
NO_HAND:data/raw/digits/7/IMG_5241.JPG
NO_HAND:data/raw/digits/7/IMG_5463.JPG
NO_HAND:data/raw/digits/7/IMG_5534.JPG
NO_HAND:data/raw/digits/7/IMG_5524.JPG
NO_HAND:data/raw/digits/7/IMG_5559.JPG
NO_HAND:data/raw/digits/7/IMG_5652.JPG
NO_HAND:data/raw/digits/7/IMG_5712.JPG
NO_HAND:data/raw/digits/7/IMG_5763.JPG
NO_HAND:data/raw/digits/7/IMG_5753.JPG
NO_HAND:data/raw/digits/7/IMG_5793.JPG
NO_HAND:data/raw/digits/7/IMG_5803.JPG
NO_HAND:data/raw/digits/7/IMG_5864.JPG
NO_HAND:data/raw/digits/7/IMG_5854.JPG
NO_HAND:data/raw/digits/7/IMG_5894.JPG
NO_HAND:data/raw/digits/7/IMG_5884.JPG
NO_HAND:data/raw/digits/7/IMG_5874.JPG
NO_HAND:data/raw/digits/7/IMG_5904.JPG
NO_HAND:data/raw/digits/7/IMG_5978.JPG
NO_HAND:data/raw/digits/8/IMG_1258.JPG
NO_HAND:data/raw/digits/8/IMG_1310.JPG
NO_HAND:data/raw/digits/8/IMG_4241.JPG
NO_HAND:data/raw/digits/8/IMG_4274.JPG
NO_HAND:data/raw/digits/8/IMG_4346.JPG
NO_HAND:data/raw/digits/8/IMG_4454.JPG
NO_HAND:data/raw/digits/8/IMG_4484.JPG
NO_HAND:data/raw/digits/8/IMG_4504.JPG
NO_HAND:data/raw/digits/8/IMG_4562.JPG
NO_HAND:data/raw/digits/8/IMG_4672.JPG
NO_HAND:data/raw/digits/8/IMG_4743.JPG
NO_HAND:data/raw/digits/8/IMG_4804.JPG
NO_HAND:data/raw/digits/8/IMG_4984.JPG
NO_HAND:data/raw/digits/8/IMG_5099.JPG
NO_HAND:data/raw/digits/8/IMG_5150.JPG
NO_HAND:data/raw/digits/8/IMG_5231.JPG
NO_HAND:data/raw/digits/8/IMG_5358.JPG
NO_HAND:data/raw/digits/8/IMG_5368.JPG
NO_HAND:data/raw/digits/8/IMG_5398.JPG
NO_HAND:data/raw/digits/8/IMG_5410.JPG
NO_HAND:data/raw/digits/8/IMG_5484.JPG
NO_HAND:data/raw/digits/8/IMG_5515.JPG
NO_HAND:data/raw/digits/8/IMG_5535.JPG
NO_HAND:data/raw/digits/8/IMG_5570.JPG
NO_HAND:data/raw/digits/8/IMG_5713.JPG
NO_HAND:data/raw/digits/8/IMG_5744.JPG
NO_HAND:data/raw/digits/8/IMG_5764.JPG
NO_HAND:data/raw/digits/8/IMG_5794.JPG
NO_HAND:data/raw/digits/8/IMG_5804.JPG
NO_HAND:data/raw/digits/8/IMG_5824.JPG
NO_HAND:data/raw/digits/8/IMG_5865.JPG
NO_HAND:data/raw/digits/8/IMG_5885.JPG
NO_HAND:data/raw/digits/8/IMG_5948.JPG
NO_HAND:data/raw/digits/8/IMG_5958.JPG
NO_HAND:data/raw/digits/8/IMG_5970.JPG
NO_HAND:data/raw/digits/9/IMG_5714.JPG
NO_HAND:tests/fixtures/raw_mini/a/fixture_a_000.png
NO_HAND:tests/fixtures/raw_mini/a/fixture_a_001.png
NO_HAND:tests/fixtures/raw_mini/a/fixture_a_002.png
NO_HAND:tests/fixtures/raw_mini/a/fixture_a_003.png
NO_HAND:tests/fixtures/raw_mini/a/fixture_a_004.png
NO_HAND:tests/fixtures/raw_mini/b/fixture_b_000.png
NO_HAND:tests/fixtures/raw_mini/b/fixture_b_001.png
NO_HAND:tests/fixtures/raw_mini/b/fixture_b_002.png
NO_HAND:tests/fixtures/raw_mini/b/fixture_b_003.png
NO_HAND:tests/fixtures/raw_mini/b/fixture_b_004.png
NO_HAND:tests/fixtures/raw_mini/c/fixture_c_000.png
NO_HAND:tests/fixtures/raw_mini/c/fixture_c_001.png
NO_HAND:tests/fixtures/raw_mini/c/fixture_c_002.png
NO_HAND:tests/fixtures/raw_mini/c/fixture_c_003.png
NO_HAND:tests/fixtures/raw_mini/c/fixture_c_004.png
NO_HAND:tests/fixtures/raw_mini/a/fixture_a_000.png
NO_HAND:tests/fixtures/raw_mini/a/fixture_a_001.png
NO_HAND:tests/fixtures/raw_mini/a/fixture_a_002.png
NO_HAND:tests/fixtures/raw_mini/a/fixture_a_003.png
NO_HAND:tests/fixtures/raw_mini/a/fixture_a_004.png
NO_HAND:tests/fixtures/raw_mini/b/fixture_b_000.png
NO_HAND:tests/fixtures/raw_mini/b/fixture_b_001.png
NO_HAND:tests/fixtures/raw_mini/b/fixture_b_002.png
NO_HAND:tests/fixtures/raw_mini/b/fixture_b_003.png
NO_HAND:tests/fixtures/raw_mini/b/fixture_b_004.png
NO_HAND:tests/fixtures/raw_mini/c/fixture_c_000.png
NO_HAND:tests/fixtures/raw_mini/c/fixture_c_001.png
NO_HAND:tests/fixtures/raw_mini/c/fixture_c_002.png
NO_HAND:tests/fixtures/raw_mini/c/fixture_c_003.png
NO_HAND:tests/fixtures/raw_mini/c/fixture_c_004.png
NO_HAND:/private/var/folders/vb/xgtwnrm17mg2hptgz7mq9g9m0000gn/T/pytest-of-samuelabayzera/pytest-7/test_split_dirs_created0/raw/0/IMG_1219.JPG
NO_HAND:tests/fixtures/raw_mini/a/fixture_a_000.png
NO_HAND:tests/fixtures/raw_mini/a/fixture_a_001.png
NO_HAND:tests/fixtures/raw_mini/a/fixture_a_002.png
NO_HAND:tests/fixtures/raw_mini/a/fixture_a_003.png
NO_HAND:tests/fixtures/raw_mini/a/fixture_a_004.png
NO_HAND:tests/fixtures/raw_mini/b/fixture_b_000.png
NO_HAND:tests/fixtures/raw_mini/b/fixture_b_001.png
NO_HAND:tests/fixtures/raw_mini/b/fixture_b_002.png
NO_HAND:tests/fixtures/raw_mini/b/fixture_b_003.png
NO_HAND:tests/fixtures/raw_mini/b/fixture_b_004.png
NO_HAND:tests/fixtures/raw_mini/c/fixture_c_000.png
NO_HAND:tests/fixtures/raw_mini/c/fixture_c_001.png
NO_HAND:tests/fixtures/raw_mini/c/fixture_c_002.png
NO_HAND:tests/fixtures/raw_mini/c/fixture_c_003.png
NO_HAND:tests/fixtures/raw_mini/c/fixture_c_004.png
NO_HAND:/private/var/folders/vb/xgtwnrm17mg2hptgz7mq9g9m0000gn/T/pytest-of-samuelabayzera/pytest-16/test_split_dirs_created0/raw/0/IMG_1219.JPG
NO_HAND:tests/fixtures/raw_mini/a/fixture_a_000.png
NO_HAND:tests/fixtures/raw_mini/a/fixture_a_001.png
NO_HAND:tests/fixtures/raw_mini/a/fixture_a_002.png
NO_HAND:tests/fixtures/raw_mini/a/fixture_a_003.png
NO_HAND:tests/fixtures/raw_mini/a/fixture_a_004.png
NO_HAND:tests/fixtures/raw_mini/b/fixture_b_000.png
NO_HAND:tests/fixtures/raw_mini/b/fixture_b_001.png
NO_HAND:tests/fixtures/raw_mini/b/fixture_b_002.png
NO_HAND:tests/fixtures/raw_mini/b/fixture_b_003.png
NO_HAND:tests/fixtures/raw_mini/b/fixture_b_004.png
NO_HAND:tests/fixtures/raw_mini/c/fixture_c_000.png
NO_HAND:tests/fixtures/raw_mini/c/fixture_c_001.png
NO_HAND:tests/fixtures/raw_mini/c/fixture_c_002.png
NO_HAND:tests/fixtures/raw_mini/c/fixture_c_003.png
NO_HAND:tests/fixtures/raw_mini/c/fixture_c_004.png
NO_HAND:/private/var/folders/vb/xgtwnrm17mg2hptgz7mq9g9m0000gn/T/pytest-of-samuelabayzera/pytest-17/test_split_dirs_created0/raw/0/IMG_1219.JPG
NO_HAND:tests/fixtures/raw_mini/a/fixture_a_000.png
NO_HAND:tests/fixtures/raw_mini/a/fixture_a_001.png
NO_HAND:tests/fixtures/raw_mini/a/fixture_a_002.png
NO_HAND:tests/fixtures/raw_mini/a/fixture_a_003.png
NO_HAND:tests/fixtures/raw_mini/a/fixture_a_004.png
NO_HAND:tests/fixtures/raw_mini/b/fixture_b_000.png
NO_HAND:tests/fixtures/raw_mini/b/fixture_b_001.png
NO_HAND:tests/fixtures/raw_mini/b/fixture_b_002.png
NO_HAND:tests/fixtures/raw_mini/b/fixture_b_003.png
NO_HAND:tests/fixtures/raw_mini/b/fixture_b_004.png
NO_HAND:tests/fixtures/raw_mini/c/fixture_c_000.png
NO_HAND:tests/fixtures/raw_mini/c/fixture_c_001.png
NO_HAND:tests/fixtures/raw_mini/c/fixture_c_002.png
NO_HAND:tests/fixtures/raw_mini/c/fixture_c_003.png
NO_HAND:tests/fixtures/raw_mini/c/fixture_c_004.png
NO_HAND:/private/var/folders/vb/xgtwnrm17mg2hptgz7mq9g9m0000gn/T/pytest-of-samuelabayzera/pytest-18/test_split_dirs_created0/raw/0/IMG_1219.JPG
NO_HAND:tests/fixtures/raw_mini/a/fixture_a_000.png
NO_HAND:tests/fixtures/raw_mini/a/fixture_a_001.png
NO_HAND:tests/fixtures/raw_mini/a/fixture_a_002.png
NO_HAND:tests/fixtures/raw_mini/a/fixture_a_003.png
NO_HAND:tests/fixtures/raw_mini/a/fixture_a_004.png
NO_HAND:tests/fixtures/raw_mini/b/fixture_b_000.png
NO_HAND:tests/fixtures/raw_mini/b/fixture_b_001.png
NO_HAND:tests/fixtures/raw_mini/b/fixture_b_002.png
NO_HAND:tests/fixtures/raw_mini/b/fixture_b_003.png
NO_HAND:tests/fixtures/raw_mini/b/fixture_b_004.png
NO_HAND:tests/fixtures/raw_mini/c/fixture_c_000.png
NO_HAND:tests/fixtures/raw_mini/c/fixture_c_001.png
NO_HAND:tests/fixtures/raw_mini/c/fixture_c_002.png
NO_HAND:tests/fixtures/raw_mini/c/fixture_c_003.png
NO_HAND:tests/fixtures/raw_mini/c/fixture_c_004.png
NO_HAND:/private/var/folders/vb/xgtwnrm17mg2hptgz7mq9g9m0000gn/T/pytest-of-samuelabayzera/pytest-30/test_split_dirs_created0/raw/0/IMG_1219.JPG
NO_HAND:tests/fixtures/raw_mini/a/fixture_a_000.png
NO_HAND:tests/fixtures/raw_mini/a/fixture_a_001.png
NO_HAND:tests/fixtures/raw_mini/a/fixture_a_002.png
NO_HAND:tests/fixtures/raw_mini/a/fixture_a_003.png
NO_HAND:tests/fixtures/raw_mini/a/fixture_a_004.png
NO_HAND:tests/fixtures/raw_mini/b/fixture_b_000.png
NO_HAND:tests/fixtures/raw_mini/b/fixture_b_001.png
NO_HAND:tests/fixtures/raw_mini/b/fixture_b_002.png
NO_HAND:tests/fixtures/raw_mini/b/fixture_b_003.png
NO_HAND:tests/fixtures/raw_mini/b/fixture_b_004.png
NO_HAND:tests/fixtures/raw_mini/c/fixture_c_000.png
NO_HAND:tests/fixtures/raw_mini/c/fixture_c_001.png
NO_HAND:tests/fixtures/raw_mini/c/fixture_c_002.png
NO_HAND:tests/fixtures/raw_mini/c/fixture_c_003.png
NO_HAND:tests/fixtures/raw_mini/c/fixture_c_004.png
NO_HAND:/private/var/folders/vb/xgtwnrm17mg2hptgz7mq9g9m0000gn/T/pytest-of-samuelabayzera/pytest-35/test_split_dirs_created0/raw/0/IMG_1219.JPG
NO_HAND:tests/fixtures/raw_mini/a/fixture_a_000.png
NO_HAND:tests/fixtures/raw_mini/a/fixture_a_001.png
NO_HAND:tests/fixtures/raw_mini/a/fixture_a_002.png
NO_HAND:tests/fixtures/raw_mini/a/fixture_a_003.png
NO_HAND:tests/fixtures/raw_mini/a/fixture_a_004.png
NO_HAND:tests/fixtures/raw_mini/b/fixture_b_000.png
NO_HAND:tests/fixtures/raw_mini/b/fixture_b_001.png
NO_HAND:tests/fixtures/raw_mini/b/fixture_b_002.png
NO_HAND:tests/fixtures/raw_mini/b/fixture_b_003.png
NO_HAND:tests/fixtures/raw_mini/b/fixture_b_004.png
NO_HAND:tests/fixtures/raw_mini/c/fixture_c_000.png
NO_HAND:tests/fixtures/raw_mini/c/fixture_c_001.png
NO_HAND:tests/fixtures/raw_mini/c/fixture_c_002.png
NO_HAND:tests/fixtures/raw_mini/c/fixture_c_003.png
NO_HAND:tests/fixtures/raw_mini/c/fixture_c_004.png
